00000 .newfile C:\Users\bjorn\Desktop\CPUs\BES-8-CPU\src\asm\Basic\main.basm
00000 _main:
00000 mov  	0120F 00007 00001 


00003 Reset:
00003 call 	1b1FF GetKey 

00005 mov  	0170F 00000 0000a 
00009 mov  	0162F 00000 00000 
0000d mov  	0163F 00000 00001 

00011 mov  	0123F 00000 00001 
00014 mov  	0132F 00001 00000 

00017 mov  	0122F 00000 00006 

0001a mov  	0151F 00000 ff000 
0001e mov  	0141F 00000 100ff 


00022 mov  	0152F ff000 00000 
00026 mov  	0142F 100ff 00000 

0002a mov  	0120F 00000 fff00 
0002d mov  	0112F fff00 00000 
00030 mov  	0130F 00000 ff000 

00033 jmp  	0e1FF 00033 



00035 GetKey:
00035 call 	1b1FF input 
00037 rts  	1cFFF 



00038 .newfile C:\Users\bjorn\Desktop\CPUs\BES-8-CPU\Libs\BIOS.basm


00038 input:
00038 in   	2202F 00004 00004 
0003b rts  	1cFFF 




0003c output:
0003c PUSHR	1eFFF 

0003d mov  	0122F 00004 00006 
00040 add  	0420F 00006 00007 

00043 pop  	032FF 00000 
00045 mov  	0122F 00006 00004 

00048 out  	2302F 00005 00000 

0004b POPR 	1fFFF 

0004c ret  	1d0FF 00001 


0004e input:
0004e in   	2202F 00004 00004 
00051 rts  	1cFFF 




00052 output:
00052 PUSHR	1eFFF 

00053 mov  	0122F 00004 00006 
00056 add  	0420F 00006 00007 

00059 pop  	032FF 00000 
0005b mov  	0122F 00006 00004 

0005e out  	2302F 00005 00000 

00061 POPR 	1fFFF 

00062 ret  	1d0FF 00001 
00064 .org        4F00h



04f00 Char_Buffer:
04fff 04ffe 04ffd 04ffc 04ffb 04ffa 04ff9 04ff8 04ff7 04ff6 04ff5 04ff4 04ff3 04ff2 04ff1 04ff0 04fef 04fee 04fed 04fec 04feb 04fea 04fe9 04fe8 04fe7 04fe6 04fe5 04fe4 04fe3 04fe2 04fe1 04fe0 04fdf 04fde 04fdd 04fdc 04fdb 04fda 04fd9 04fd8 04fd7 04fd6 04fd5 04fd4 04fd3 04fd2 04fd1 04fd0 04fcf 04fce 04fcd 04fcc 04fcb 04fca 04fc9 04fc8 04fc7 04fc6 04fc5 04fc4 04fc3 04fc2 04fc1 04fc0 04fbf 04fbe 04fbd 04fbc 04fbb 04fba 04fb9 04fb8 04fb7 04fb6 04fb5 04fb4 04fb3 04fb2 04fb1 04fb0 04faf 04fae 04fad 04fac 04fab 04faa 04fa9 04fa8 04fa7 04fa6 04fa5 04fa4 04fa3 04fa2 04fa1 04fa0 04f9f 04f9e 04f9d 04f9c 04f9b 04f9a 04f99 04f98 04f97 04f96 04f95 04f94 04f93 04f92 04f91 04f90 04f8f 04f8e 04f8d 04f8c 04f8b 04f8a 04f89 04f88 04f87 04f86 04f85 04f84 04f83 04f82 04f81 04f80 04f7f 04f7e 04f7d 04f7c 04f7b 04f7a 04f79 04f78 04f77 04f76 04f75 04f74 04f73 04f72 04f71 04f70 04f6f 04f6e 04f6d 04f6c 04f6b 04f6a 04f69 04f68 04f67 04f66 04f65 04f64 04f63 04f62 04f61 04f60 04f5f 04f5e 04f5d 04f5c 04f5b 04f5a 04f59 04f58 04f57 04f56 04f55 04f54 04f53 04f52 04f51 04f50 04f4f 04f4e 04f4d 04f4c 04f4b 04f4a 04f49 04f48 04f47 04f46 04f45 04f44 04f43 04f42 04f41 04f40 04f3f 04f3e 04f3d 04f3c 04f3b 04f3a 04f39 04f38 04f37 04f36 04f35 04f34 04f33 04f32 04f31 04f30 04f2f 04f2e 04f2d 04f2c 04f2b 04f2a 04f29 04f28 04f27 04f26 04f25 04f24 04f23 04f22 04f21 04f20 04f1f 04f1e 04f1d 04f1c 04f1b 04f1a 04f19 04f18 04f17 04f16 04f15 04f14 04f13 04f12 04f11 04f10 04f0f 04f0e 04f0d 04f0c 04f0b 04f0a 04f09 04f08 04f07 04f06 04f05 04f04 04f03 04f02 04f01 04f00 04f00 .repeat     256 .word FFFFFh


