1eFF
250F
0100
0120
0007
0003
0111
2000
0117
0120
0008
FFFF
202F
0008
1b1F
00a1
0f20
0008
000A
151F
000c
0120
0028
00FF
0120
0002
0000
0120
0000
070A
202F
0023
0f20
0023
0006
121F
009b
1a0F
00EA
0f20
0004
0001
141F
001b
202F
0000
1a0F
00EA
0f20
0004
0001
141F
001b
022F
0023
020F
0001
020F
0004
1b1F
00e6
0121
0010
E0FE
0121
0020
E0FF
0f20
0000
55AA
141F
001b
0120
0000
0703
1a0F
00EA
0122
0001
0004
022F
0023
022F
0002
022F
0001
1b1F
00e6
0120
0000
F00C
0120
0029
0003
1a0F
00E6
0122
0015
0008
0122
0000
0008
1a0F
00E7
0122
0005
0004
0620
0005
0800
0122
0025
0023
1fFF
240F
0100
0122
0018
0025
0122
0028
0015
1a0F
00FA
0121
0000
E901
0f20
0000
0000
111F
0099
2300
0005
80FF
0122
0000
0005
0121
0000
00cd
1b1F
00ba
0122
0000
0005
1a0F
00E7
0122
0000
0004
1b1F
00ba
1a0F
00E0
0121
0000
00cd
1b1F
00ba
0e1F
00a1
022F
0000
0120
0000
0000
2320
0008
80FF
2222
0008
0000
0f20
0000
0001
141F
00b7
2a22
0000
0008
0912
E900
0000
032F
0000
1cFF
1eFF
0120
0008
0000
0126
0001
0008
181F
00cb
2302
0005
0001
202F
0008
191F
00be
1fFF
1cFF
0069
0114
0114
0111
0114
0058
0032
0116
0104
0101
0032
0112
0114
0111
0103
0114
0097
0109
0032
0119
0097
0115
0032
0110
0111
0116
0032
0097
0032
0115
0117
0099
0099
0101
0115
0115
0000
0069
0114
0114
0111
0114
0058
0032
0116
0104
0101
0032
0100
0105
0115
0107
0115
0032
0097
0114
0101
0032
0110
0111
0116
0032
0098
0111
0111
0116
0097
0098
0117
0108
0000
1eFF
0122
0004
0006
0420
0006
0008
032F
0000
0122
0006
0004
250F
0100
0120
0007
0001
0112
E901
0000
1a0F
00FB
1fFF
1d0F
0001
1eFF
0122
0004
0006
0420
0006
0008
032F
0010
032F
0008
032F
0020
0122
0006
0004
240F
0003
0420
0020
000A
1a0F
00EC
1fFF
1d0F
0003
1eFF
0122
0004
0006
0420
0006
0008
032F
0001
032F
0020
032F
0002
032F
0023
0122
0006
0004
1a0F
00EB
1fFF
1d0F
0004
0
00cd
0
0
